<?xml version="1.0" encoding="UTF-8"?>
<!-- Generated by org.testng.reporters.JUnitReportReporter -->
<testsuite hostname="UrmiPatel" failures="0" tests="1" name="org.example.ScenarioThree" time="30.082" errors="0" timestamp="21 Nov 2023 03:35:40 GMT">
  <testcase classname="org.example.ScenarioThree" name="launch" time="30.082"/>
</testsuite> <!-- org.example.ScenarioThree -->
