<?xml version="1.0" encoding="UTF-8"?>
<!-- Generated by org.testng.reporters.JUnitReportReporter -->
<testsuite hostname="UrmiPatel" failures="0" tests="1" name="org.example.ScenarioOne" time="71.298" errors="0" timestamp="21 Nov 2023 04:22:52 GMT">
  <testcase classname="org.example.ScenarioOne" name="launch" time="71.298"/>
</testsuite> <!-- org.example.ScenarioOne -->
