<?xml version="1.0" encoding="UTF-8"?>
<!-- Generated by org.testng.reporters.JUnitReportReporter -->
<testsuite hostname="UrmiPatel" failures="0" tests="1" name="org.example.ScenarioTwo" time="54.374" errors="0" timestamp="21 Nov 2023 03:42:03 GMT">
  <testcase classname="org.example.ScenarioTwo" name="launch" time="54.374"/>
</testsuite> <!-- org.example.ScenarioTwo -->
