<?xml version="1.0" encoding="UTF-8"?>
<!-- Generated by org.testng.reporters.JUnitReportReporter -->
<testsuite hostname="UrmiPatel" failures="0" tests="1" name="org.example.ScenarioFour" time="12.765" errors="0" timestamp="21 Nov 2023 03:36:42 GMT">
  <testcase classname="org.example.ScenarioFour" name="launch" time="12.765"/>
</testsuite> <!-- org.example.ScenarioFour -->
